2020-04-24 12:16:10 [main] INFO  o.s.c.c.c.ConfigServicePropertySourceLocator - Fetching config from server at : http://localhost:8888
2020-04-24 12:16:11 [main] INFO  o.s.c.c.c.ConfigServicePropertySourceLocator - Connect Timeout Exception on Url - http://localhost:8888. Will be trying the next url if available
2020-04-24 12:16:11 [main] WARN  o.s.c.c.c.ConfigServicePropertySourceLocator - Could not locate PropertySource: I/O error on GET request for "http://localhost:8888/hrd-emp-be/default": Connection refused (Connection refused); nested exception is java.net.ConnectException: Connection refused (Connection refused)
2020-04-24 12:16:11 [main] INFO  i.e.e.h.HrdEmpBeApplicationTests - No active profile set, falling back to default profiles: default
2020-04-24 12:16:12 [main] WARN  o.s.boot.actuate.endpoint.EndpointId - Endpoint ID 'service-registry' contains invalid characters, please migrate to a valid format.
2020-04-24 12:16:12 [main] INFO  o.s.cloud.context.scope.GenericScope - BeanFactory id=249858dd-8694-3656-8a97-6e9224abd83d
2020-04-24 12:16:14 [main] WARN  c.n.c.sources.URLConfigurationSource - No URLs will be polled as dynamic configuration sources.
2020-04-24 12:16:14 [main] INFO  c.n.c.sources.URLConfigurationSource - To enable URLs as dynamic configuration sources, define System property archaius.configurationSource.additionalUrls or make config.properties available on classpath.
2020-04-24 12:16:14 [main] INFO  c.n.config.DynamicPropertyFactory - DynamicPropertyFactory is initialized with configuration sources: com.netflix.config.ConcurrentCompositeConfiguration@246de37e
2020-04-24 12:16:14 [main] INFO  o.s.b.a.e.web.EndpointLinksResolver - Exposing 19 endpoint(s) beneath base path '/actuator'
2020-04-24 12:16:15 [main] INFO  s.d.s.w.PropertySourcedRequestMappingHandlerMapping - Mapped URL path [/v2/api-docs] onto method [springfox.documentation.swagger2.web.Swagger2Controller#getDocumentation(String, HttpServletRequest)]
2020-04-24 12:16:15 [main] WARN  c.n.c.sources.URLConfigurationSource - No URLs will be polled as dynamic configuration sources.
2020-04-24 12:16:15 [main] INFO  c.n.c.sources.URLConfigurationSource - To enable URLs as dynamic configuration sources, define System property archaius.configurationSource.additionalUrls or make config.properties available on classpath.
2020-04-24 12:16:15 [main] INFO  o.s.s.c.ThreadPoolTaskExecutor - Initializing ExecutorService 'applicationTaskExecutor'
2020-04-24 12:16:16 [main] WARN  o.s.c.l.c.BlockingLoadBalancerClientAutoConfiguration$BlockingLoadBalancerClientRibbonWarnLogger - You already have RibbonLoadBalancerClient on your classpath. It will be used by default. As Spring Cloud Ribbon is in maintenance mode. We recommend switching to BlockingLoadBalancerClient instead. In order to use it, set the value of `spring.cloud.loadbalancer.ribbon.enabled` to `false` or remove spring-cloud-starter-netflix-ribbon from your project.
2020-04-24 12:16:16 [main] INFO  s.d.s.w.p.DocumentationPluginsBootstrapper - Context refreshed
2020-04-24 12:16:16 [main] INFO  s.d.s.w.p.DocumentationPluginsBootstrapper - Found 1 custom documentation plugin(s)
2020-04-24 12:16:16 [main] INFO  s.d.s.w.s.ApiListingReferenceScanner - Scanning for api listing references
2020-04-24 12:16:16 [main] INFO  i.e.e.h.HrdEmpBeApplicationTests - Started HrdEmpBeApplicationTests in 6.697 seconds (JVM running for 8.22)
2020-04-24 12:16:17 [SpringContextShutdownHook] INFO  o.s.c.n.eureka.InstanceInfoFactory - Setting initial instance status as: STARTING
2020-04-24 12:16:17 [SpringContextShutdownHook] INFO  o.s.c.n.e.s.EurekaServiceRegistry - Unregistering application HRD-EMP-BE with eureka with status DOWN
2020-04-24 12:16:17 [SpringContextShutdownHook] INFO  o.s.s.c.ThreadPoolTaskExecutor - Shutting down ExecutorService 'applicationTaskExecutor'
2020-04-24 12:16:53 [main] INFO  o.s.c.c.c.ConfigServicePropertySourceLocator - Fetching config from server at : http://localhost:8888
2020-04-24 12:16:53 [main] INFO  o.s.c.c.c.ConfigServicePropertySourceLocator - Connect Timeout Exception on Url - http://localhost:8888. Will be trying the next url if available
2020-04-24 12:16:53 [main] WARN  o.s.c.c.c.ConfigServicePropertySourceLocator - Could not locate PropertySource: I/O error on GET request for "http://localhost:8888/hrd-emp-be/default": Connection refused (Connection refused); nested exception is java.net.ConnectException: Connection refused (Connection refused)
2020-04-24 12:16:53 [main] INFO  i.ecgc.erp.hrd_emp_be.TestController - No active profile set, falling back to default profiles: default
2020-04-24 12:16:55 [main] WARN  o.s.boot.actuate.endpoint.EndpointId - Endpoint ID 'service-registry' contains invalid characters, please migrate to a valid format.
2020-04-24 12:16:55 [main] INFO  o.s.cloud.context.scope.GenericScope - BeanFactory id=249858dd-8694-3656-8a97-6e9224abd83d
2020-04-24 12:16:57 [main] WARN  c.n.c.sources.URLConfigurationSource - No URLs will be polled as dynamic configuration sources.
2020-04-24 12:16:57 [main] INFO  c.n.c.sources.URLConfigurationSource - To enable URLs as dynamic configuration sources, define System property archaius.configurationSource.additionalUrls or make config.properties available on classpath.
2020-04-24 12:16:57 [main] INFO  c.n.config.DynamicPropertyFactory - DynamicPropertyFactory is initialized with configuration sources: com.netflix.config.ConcurrentCompositeConfiguration@14dbfdb1
2020-04-24 12:16:57 [main] INFO  o.s.b.a.e.web.EndpointLinksResolver - Exposing 19 endpoint(s) beneath base path '/actuator'
2020-04-24 12:16:58 [main] INFO  s.d.s.w.PropertySourcedRequestMappingHandlerMapping - Mapped URL path [/v2/api-docs] onto method [springfox.documentation.swagger2.web.Swagger2Controller#getDocumentation(String, HttpServletRequest)]
2020-04-24 12:16:58 [main] WARN  c.n.c.sources.URLConfigurationSource - No URLs will be polled as dynamic configuration sources.
2020-04-24 12:16:58 [main] INFO  c.n.c.sources.URLConfigurationSource - To enable URLs as dynamic configuration sources, define System property archaius.configurationSource.additionalUrls or make config.properties available on classpath.
2020-04-24 12:16:58 [main] INFO  o.s.s.c.ThreadPoolTaskExecutor - Initializing ExecutorService 'applicationTaskExecutor'
2020-04-24 12:16:59 [main] WARN  o.s.c.l.c.BlockingLoadBalancerClientAutoConfiguration$BlockingLoadBalancerClientRibbonWarnLogger - You already have RibbonLoadBalancerClient on your classpath. It will be used by default. As Spring Cloud Ribbon is in maintenance mode. We recommend switching to BlockingLoadBalancerClient instead. In order to use it, set the value of `spring.cloud.loadbalancer.ribbon.enabled` to `false` or remove spring-cloud-starter-netflix-ribbon from your project.
2020-04-24 12:16:59 [main] INFO  s.d.s.w.p.DocumentationPluginsBootstrapper - Context refreshed
2020-04-24 12:16:59 [main] INFO  s.d.s.w.p.DocumentationPluginsBootstrapper - Found 1 custom documentation plugin(s)
2020-04-24 12:16:59 [main] INFO  s.d.s.w.s.ApiListingReferenceScanner - Scanning for api listing references
2020-04-24 12:16:59 [main] INFO  i.ecgc.erp.hrd_emp_be.TestController - Started TestController in 6.652 seconds (JVM running for 7.584)
2020-04-24 12:16:59 [SpringContextShutdownHook] INFO  o.s.c.n.eureka.InstanceInfoFactory - Setting initial instance status as: STARTING
2020-04-24 12:16:59 [SpringContextShutdownHook] INFO  o.s.c.n.e.s.EurekaServiceRegistry - Unregistering application HRD-EMP-BE with eureka with status DOWN
2020-04-24 12:16:59 [SpringContextShutdownHook] INFO  o.s.s.c.ThreadPoolTaskExecutor - Shutting down ExecutorService 'applicationTaskExecutor'
2020-04-24 12:18:14 [main] INFO  o.s.c.c.c.ConfigServicePropertySourceLocator - Fetching config from server at : http://localhost:8888
2020-04-24 12:18:14 [main] INFO  o.s.c.c.c.ConfigServicePropertySourceLocator - Connect Timeout Exception on Url - http://localhost:8888. Will be trying the next url if available
2020-04-24 12:18:14 [main] WARN  o.s.c.c.c.ConfigServicePropertySourceLocator - Could not locate PropertySource: I/O error on GET request for "http://localhost:8888/hrd-emp-be/default": Connection refused (Connection refused); nested exception is java.net.ConnectException: Connection refused (Connection refused)
2020-04-24 12:18:14 [main] INFO  i.ecgc.erp.hrd_emp_be.TestController - No active profile set, falling back to default profiles: default
2020-04-24 12:18:15 [main] WARN  o.s.boot.actuate.endpoint.EndpointId - Endpoint ID 'service-registry' contains invalid characters, please migrate to a valid format.
2020-04-24 12:18:16 [main] INFO  o.s.cloud.context.scope.GenericScope - BeanFactory id=249858dd-8694-3656-8a97-6e9224abd83d
2020-04-24 12:18:17 [main] WARN  c.n.c.sources.URLConfigurationSource - No URLs will be polled as dynamic configuration sources.
2020-04-24 12:18:17 [main] INFO  c.n.c.sources.URLConfigurationSource - To enable URLs as dynamic configuration sources, define System property archaius.configurationSource.additionalUrls or make config.properties available on classpath.
2020-04-24 12:18:17 [main] INFO  c.n.config.DynamicPropertyFactory - DynamicPropertyFactory is initialized with configuration sources: com.netflix.config.ConcurrentCompositeConfiguration@14dbfdb1
2020-04-24 12:18:18 [main] INFO  o.s.b.a.e.web.EndpointLinksResolver - Exposing 19 endpoint(s) beneath base path '/actuator'
2020-04-24 12:18:18 [main] INFO  s.d.s.w.PropertySourcedRequestMappingHandlerMapping - Mapped URL path [/v2/api-docs] onto method [springfox.documentation.swagger2.web.Swagger2Controller#getDocumentation(String, HttpServletRequest)]
2020-04-24 12:18:18 [main] WARN  c.n.c.sources.URLConfigurationSource - No URLs will be polled as dynamic configuration sources.
2020-04-24 12:18:18 [main] INFO  c.n.c.sources.URLConfigurationSource - To enable URLs as dynamic configuration sources, define System property archaius.configurationSource.additionalUrls or make config.properties available on classpath.
2020-04-24 12:18:19 [main] INFO  o.s.s.c.ThreadPoolTaskExecutor - Initializing ExecutorService 'applicationTaskExecutor'
2020-04-24 12:18:19 [main] WARN  o.s.c.l.c.BlockingLoadBalancerClientAutoConfiguration$BlockingLoadBalancerClientRibbonWarnLogger - You already have RibbonLoadBalancerClient on your classpath. It will be used by default. As Spring Cloud Ribbon is in maintenance mode. We recommend switching to BlockingLoadBalancerClient instead. In order to use it, set the value of `spring.cloud.loadbalancer.ribbon.enabled` to `false` or remove spring-cloud-starter-netflix-ribbon from your project.
2020-04-24 12:18:19 [main] INFO  s.d.s.w.p.DocumentationPluginsBootstrapper - Context refreshed
2020-04-24 12:18:19 [main] INFO  s.d.s.w.p.DocumentationPluginsBootstrapper - Found 1 custom documentation plugin(s)
2020-04-24 12:18:19 [main] INFO  s.d.s.w.s.ApiListingReferenceScanner - Scanning for api listing references
2020-04-24 12:18:20 [main] INFO  i.ecgc.erp.hrd_emp_be.TestController - Started TestController in 6.5 seconds (JVM running for 7.408)
2020-04-24 12:18:20 [SpringContextShutdownHook] INFO  o.s.c.n.eureka.InstanceInfoFactory - Setting initial instance status as: STARTING
2020-04-24 12:18:20 [SpringContextShutdownHook] INFO  o.s.c.n.e.s.EurekaServiceRegistry - Unregistering application HRD-EMP-BE with eureka with status DOWN
2020-04-24 12:18:20 [SpringContextShutdownHook] INFO  o.s.s.c.ThreadPoolTaskExecutor - Shutting down ExecutorService 'applicationTaskExecutor'
2020-04-24 12:28:56 [main] INFO  o.s.c.c.c.ConfigServicePropertySourceLocator - Fetching config from server at : http://localhost:8888
2020-04-24 12:28:56 [main] INFO  o.s.c.c.c.ConfigServicePropertySourceLocator - Connect Timeout Exception on Url - http://localhost:8888. Will be trying the next url if available
2020-04-24 12:28:56 [main] WARN  o.s.c.c.c.ConfigServicePropertySourceLocator - Could not locate PropertySource: I/O error on GET request for "http://localhost:8888/hrd-emp-be/default": Connection refused (Connection refused); nested exception is java.net.ConnectException: Connection refused (Connection refused)
2020-04-24 12:28:56 [main] INFO  i.e.e.h.HrdEmpBeApplicationTests - No active profile set, falling back to default profiles: default
2020-04-24 12:28:57 [main] WARN  o.s.boot.actuate.endpoint.EndpointId - Endpoint ID 'service-registry' contains invalid characters, please migrate to a valid format.
2020-04-24 12:28:57 [main] INFO  o.s.cloud.context.scope.GenericScope - BeanFactory id=249858dd-8694-3656-8a97-6e9224abd83d
2020-04-24 12:28:58 [main] WARN  c.n.c.sources.URLConfigurationSource - No URLs will be polled as dynamic configuration sources.
2020-04-24 12:28:58 [main] INFO  c.n.c.sources.URLConfigurationSource - To enable URLs as dynamic configuration sources, define System property archaius.configurationSource.additionalUrls or make config.properties available on classpath.
2020-04-24 12:28:58 [main] INFO  c.n.config.DynamicPropertyFactory - DynamicPropertyFactory is initialized with configuration sources: com.netflix.config.ConcurrentCompositeConfiguration@2e40fdbd
2020-04-24 12:28:59 [main] INFO  o.s.b.a.e.web.EndpointLinksResolver - Exposing 19 endpoint(s) beneath base path '/actuator'
2020-04-24 12:28:59 [main] INFO  s.d.s.w.PropertySourcedRequestMappingHandlerMapping - Mapped URL path [/v2/api-docs] onto method [springfox.documentation.swagger2.web.Swagger2Controller#getDocumentation(String, HttpServletRequest)]
2020-04-24 12:28:59 [main] WARN  c.n.c.sources.URLConfigurationSource - No URLs will be polled as dynamic configuration sources.
2020-04-24 12:28:59 [main] INFO  c.n.c.sources.URLConfigurationSource - To enable URLs as dynamic configuration sources, define System property archaius.configurationSource.additionalUrls or make config.properties available on classpath.
2020-04-24 12:28:59 [main] INFO  o.s.s.c.ThreadPoolTaskExecutor - Initializing ExecutorService 'applicationTaskExecutor'
2020-04-24 12:29:00 [main] WARN  o.s.c.l.c.BlockingLoadBalancerClientAutoConfiguration$BlockingLoadBalancerClientRibbonWarnLogger - You already have RibbonLoadBalancerClient on your classpath. It will be used by default. As Spring Cloud Ribbon is in maintenance mode. We recommend switching to BlockingLoadBalancerClient instead. In order to use it, set the value of `spring.cloud.loadbalancer.ribbon.enabled` to `false` or remove spring-cloud-starter-netflix-ribbon from your project.
2020-04-24 12:29:00 [main] INFO  s.d.s.w.p.DocumentationPluginsBootstrapper - Context refreshed
2020-04-24 12:29:00 [main] INFO  s.d.s.w.p.DocumentationPluginsBootstrapper - Found 1 custom documentation plugin(s)
2020-04-24 12:29:00 [main] INFO  s.d.s.w.s.ApiListingReferenceScanner - Scanning for api listing references
2020-04-24 12:29:00 [main] INFO  i.e.e.h.HrdEmpBeApplicationTests - Started HrdEmpBeApplicationTests in 4.452 seconds (JVM running for 5.18)
2020-04-24 12:29:01 [SpringContextShutdownHook] INFO  o.s.c.n.eureka.InstanceInfoFactory - Setting initial instance status as: STARTING
2020-04-24 12:29:01 [SpringContextShutdownHook] INFO  o.s.c.n.e.s.EurekaServiceRegistry - Unregistering application HRD-EMP-BE with eureka with status DOWN
2020-04-24 12:29:01 [SpringContextShutdownHook] INFO  o.s.s.c.ThreadPoolTaskExecutor - Shutting down ExecutorService 'applicationTaskExecutor'
2020-04-24 12:32:23 [main] INFO  o.s.c.c.c.ConfigServicePropertySourceLocator - Fetching config from server at : http://localhost:8888
2020-04-24 12:32:23 [main] INFO  o.s.c.c.c.ConfigServicePropertySourceLocator - Connect Timeout Exception on Url - http://localhost:8888. Will be trying the next url if available
2020-04-24 12:32:23 [main] WARN  o.s.c.c.c.ConfigServicePropertySourceLocator - Could not locate PropertySource: I/O error on GET request for "http://localhost:8888/hrd-emp-be/default": Connection refused (Connection refused); nested exception is java.net.ConnectException: Connection refused (Connection refused)
2020-04-24 12:32:23 [main] INFO  i.e.e.h.HrdEmpBeApplicationTests - No active profile set, falling back to default profiles: default
2020-04-24 12:32:24 [main] WARN  o.s.boot.actuate.endpoint.EndpointId - Endpoint ID 'service-registry' contains invalid characters, please migrate to a valid format.
2020-04-24 12:32:25 [main] INFO  o.s.cloud.context.scope.GenericScope - BeanFactory id=249858dd-8694-3656-8a97-6e9224abd83d
2020-04-24 12:32:26 [main] WARN  c.n.c.sources.URLConfigurationSource - No URLs will be polled as dynamic configuration sources.
2020-04-24 12:32:26 [main] INFO  c.n.c.sources.URLConfigurationSource - To enable URLs as dynamic configuration sources, define System property archaius.configurationSource.additionalUrls or make config.properties available on classpath.
2020-04-24 12:32:26 [main] INFO  c.n.config.DynamicPropertyFactory - DynamicPropertyFactory is initialized with configuration sources: com.netflix.config.ConcurrentCompositeConfiguration@2e40fdbd
2020-04-24 12:32:26 [main] INFO  o.s.b.a.e.web.EndpointLinksResolver - Exposing 19 endpoint(s) beneath base path '/actuator'
2020-04-24 12:32:26 [main] INFO  s.d.s.w.PropertySourcedRequestMappingHandlerMapping - Mapped URL path [/v2/api-docs] onto method [springfox.documentation.swagger2.web.Swagger2Controller#getDocumentation(String, HttpServletRequest)]
2020-04-24 12:32:26 [main] WARN  c.n.c.sources.URLConfigurationSource - No URLs will be polled as dynamic configuration sources.
2020-04-24 12:32:26 [main] INFO  c.n.c.sources.URLConfigurationSource - To enable URLs as dynamic configuration sources, define System property archaius.configurationSource.additionalUrls or make config.properties available on classpath.
2020-04-24 12:32:27 [main] INFO  o.s.s.c.ThreadPoolTaskExecutor - Initializing ExecutorService 'applicationTaskExecutor'
2020-04-24 12:32:27 [main] WARN  o.s.c.l.c.BlockingLoadBalancerClientAutoConfiguration$BlockingLoadBalancerClientRibbonWarnLogger - You already have RibbonLoadBalancerClient on your classpath. It will be used by default. As Spring Cloud Ribbon is in maintenance mode. We recommend switching to BlockingLoadBalancerClient instead. In order to use it, set the value of `spring.cloud.loadbalancer.ribbon.enabled` to `false` or remove spring-cloud-starter-netflix-ribbon from your project.
2020-04-24 12:32:27 [main] INFO  s.d.s.w.p.DocumentationPluginsBootstrapper - Context refreshed
2020-04-24 12:32:27 [main] INFO  s.d.s.w.p.DocumentationPluginsBootstrapper - Found 1 custom documentation plugin(s)
2020-04-24 12:32:27 [main] INFO  s.d.s.w.s.ApiListingReferenceScanner - Scanning for api listing references
2020-04-24 12:32:27 [main] INFO  i.e.e.h.HrdEmpBeApplicationTests - Started HrdEmpBeApplicationTests in 4.472 seconds (JVM running for 5.314)
2020-04-24 12:32:28 [SpringContextShutdownHook] INFO  o.s.c.n.eureka.InstanceInfoFactory - Setting initial instance status as: STARTING
2020-04-24 12:32:28 [SpringContextShutdownHook] INFO  o.s.c.n.e.s.EurekaServiceRegistry - Unregistering application HRD-EMP-BE with eureka with status DOWN
2020-04-24 12:32:28 [SpringContextShutdownHook] INFO  o.s.s.c.ThreadPoolTaskExecutor - Shutting down ExecutorService 'applicationTaskExecutor'
2020-04-24 12:35:45 [main] INFO  o.s.c.c.c.ConfigServicePropertySourceLocator - Fetching config from server at : http://localhost:8888
2020-04-24 12:35:45 [main] INFO  o.s.c.c.c.ConfigServicePropertySourceLocator - Connect Timeout Exception on Url - http://localhost:8888. Will be trying the next url if available
2020-04-24 12:35:45 [main] WARN  o.s.c.c.c.ConfigServicePropertySourceLocator - Could not locate PropertySource: I/O error on GET request for "http://localhost:8888/hrd-emp-be/default": Connection refused (Connection refused); nested exception is java.net.ConnectException: Connection refused (Connection refused)
2020-04-24 12:35:45 [main] INFO  i.ecgc.erp.hrd_emp_be.TestController - No active profile set, falling back to default profiles: default
2020-04-24 12:35:46 [main] WARN  o.s.boot.actuate.endpoint.EndpointId - Endpoint ID 'service-registry' contains invalid characters, please migrate to a valid format.
2020-04-24 12:35:46 [main] INFO  o.s.cloud.context.scope.GenericScope - BeanFactory id=249858dd-8694-3656-8a97-6e9224abd83d
2020-04-24 12:35:47 [main] WARN  c.n.c.sources.URLConfigurationSource - No URLs will be polled as dynamic configuration sources.
2020-04-24 12:35:47 [main] INFO  c.n.c.sources.URLConfigurationSource - To enable URLs as dynamic configuration sources, define System property archaius.configurationSource.additionalUrls or make config.properties available on classpath.
2020-04-24 12:35:47 [main] INFO  c.n.config.DynamicPropertyFactory - DynamicPropertyFactory is initialized with configuration sources: com.netflix.config.ConcurrentCompositeConfiguration@14dbfdb1
2020-04-24 12:35:48 [main] INFO  o.s.b.a.e.web.EndpointLinksResolver - Exposing 19 endpoint(s) beneath base path '/actuator'
2020-04-24 12:35:48 [main] INFO  s.d.s.w.PropertySourcedRequestMappingHandlerMapping - Mapped URL path [/v2/api-docs] onto method [springfox.documentation.swagger2.web.Swagger2Controller#getDocumentation(String, HttpServletRequest)]
2020-04-24 12:35:48 [main] WARN  c.n.c.sources.URLConfigurationSource - No URLs will be polled as dynamic configuration sources.
2020-04-24 12:35:48 [main] INFO  c.n.c.sources.URLConfigurationSource - To enable URLs as dynamic configuration sources, define System property archaius.configurationSource.additionalUrls or make config.properties available on classpath.
2020-04-24 12:35:48 [main] INFO  o.s.s.c.ThreadPoolTaskExecutor - Initializing ExecutorService 'applicationTaskExecutor'
2020-04-24 12:35:48 [main] WARN  o.s.c.l.c.BlockingLoadBalancerClientAutoConfiguration$BlockingLoadBalancerClientRibbonWarnLogger - You already have RibbonLoadBalancerClient on your classpath. It will be used by default. As Spring Cloud Ribbon is in maintenance mode. We recommend switching to BlockingLoadBalancerClient instead. In order to use it, set the value of `spring.cloud.loadbalancer.ribbon.enabled` to `false` or remove spring-cloud-starter-netflix-ribbon from your project.
2020-04-24 12:35:48 [main] INFO  s.d.s.w.p.DocumentationPluginsBootstrapper - Context refreshed
2020-04-24 12:35:48 [main] INFO  s.d.s.w.p.DocumentationPluginsBootstrapper - Found 1 custom documentation plugin(s)
2020-04-24 12:35:48 [main] INFO  s.d.s.w.s.ApiListingReferenceScanner - Scanning for api listing references
2020-04-24 12:35:49 [main] INFO  i.ecgc.erp.hrd_emp_be.TestController - Started TestController in 4.22 seconds (JVM running for 4.967)
2020-04-24 12:35:49 [SpringContextShutdownHook] INFO  o.s.c.n.eureka.InstanceInfoFactory - Setting initial instance status as: STARTING
2020-04-24 12:35:49 [SpringContextShutdownHook] INFO  o.s.c.n.e.s.EurekaServiceRegistry - Unregistering application HRD-EMP-BE with eureka with status DOWN
2020-04-24 12:35:49 [SpringContextShutdownHook] INFO  o.s.s.c.ThreadPoolTaskExecutor - Shutting down ExecutorService 'applicationTaskExecutor'
2020-04-24 12:37:24 [main] INFO  o.s.c.c.c.ConfigServicePropertySourceLocator - Fetching config from server at : http://localhost:8888
2020-04-24 12:37:24 [main] INFO  o.s.c.c.c.ConfigServicePropertySourceLocator - Connect Timeout Exception on Url - http://localhost:8888. Will be trying the next url if available
2020-04-24 12:37:24 [main] WARN  o.s.c.c.c.ConfigServicePropertySourceLocator - Could not locate PropertySource: I/O error on GET request for "http://localhost:8888/hrd-emp-be/default": Connection refused (Connection refused); nested exception is java.net.ConnectException: Connection refused (Connection refused)
2020-04-24 12:37:24 [main] INFO  i.ecgc.erp.hrd_emp_be.TestController - No active profile set, falling back to default profiles: default
2020-04-24 12:37:25 [main] WARN  o.s.boot.actuate.endpoint.EndpointId - Endpoint ID 'service-registry' contains invalid characters, please migrate to a valid format.
2020-04-24 12:37:25 [main] INFO  o.s.cloud.context.scope.GenericScope - BeanFactory id=249858dd-8694-3656-8a97-6e9224abd83d
2020-04-24 12:37:27 [main] WARN  c.n.c.sources.URLConfigurationSource - No URLs will be polled as dynamic configuration sources.
2020-04-24 12:37:27 [main] INFO  c.n.c.sources.URLConfigurationSource - To enable URLs as dynamic configuration sources, define System property archaius.configurationSource.additionalUrls or make config.properties available on classpath.
2020-04-24 12:37:27 [main] INFO  c.n.config.DynamicPropertyFactory - DynamicPropertyFactory is initialized with configuration sources: com.netflix.config.ConcurrentCompositeConfiguration@ff2266c
2020-04-24 12:37:28 [main] INFO  o.s.b.a.e.web.EndpointLinksResolver - Exposing 19 endpoint(s) beneath base path '/actuator'
2020-04-24 12:37:28 [main] INFO  s.d.s.w.PropertySourcedRequestMappingHandlerMapping - Mapped URL path [/v2/api-docs] onto method [springfox.documentation.swagger2.web.Swagger2Controller#getDocumentation(String, HttpServletRequest)]
2020-04-24 12:37:28 [main] WARN  c.n.c.sources.URLConfigurationSource - No URLs will be polled as dynamic configuration sources.
2020-04-24 12:37:28 [main] INFO  c.n.c.sources.URLConfigurationSource - To enable URLs as dynamic configuration sources, define System property archaius.configurationSource.additionalUrls or make config.properties available on classpath.
2020-04-24 12:37:28 [main] INFO  o.s.s.c.ThreadPoolTaskExecutor - Initializing ExecutorService 'applicationTaskExecutor'
2020-04-24 12:37:29 [main] WARN  o.s.c.l.c.BlockingLoadBalancerClientAutoConfiguration$BlockingLoadBalancerClientRibbonWarnLogger - You already have RibbonLoadBalancerClient on your classpath. It will be used by default. As Spring Cloud Ribbon is in maintenance mode. We recommend switching to BlockingLoadBalancerClient instead. In order to use it, set the value of `spring.cloud.loadbalancer.ribbon.enabled` to `false` or remove spring-cloud-starter-netflix-ribbon from your project.
2020-04-24 12:37:29 [main] INFO  s.d.s.w.p.DocumentationPluginsBootstrapper - Context refreshed
2020-04-24 12:37:29 [main] INFO  s.d.s.w.p.DocumentationPluginsBootstrapper - Found 1 custom documentation plugin(s)
2020-04-24 12:37:29 [main] INFO  s.d.s.w.s.ApiListingReferenceScanner - Scanning for api listing references
2020-04-24 12:37:29 [main] INFO  i.ecgc.erp.hrd_emp_be.TestController - Started TestController in 5.765 seconds (JVM running for 6.667)
2020-04-24 12:37:30 [SpringContextShutdownHook] INFO  o.s.c.n.eureka.InstanceInfoFactory - Setting initial instance status as: STARTING
2020-04-24 12:37:30 [SpringContextShutdownHook] INFO  o.s.c.n.e.s.EurekaServiceRegistry - Unregistering application HRD-EMP-BE with eureka with status DOWN
2020-04-24 12:37:30 [SpringContextShutdownHook] INFO  o.s.s.c.ThreadPoolTaskExecutor - Shutting down ExecutorService 'applicationTaskExecutor'
2020-04-24 12:50:32 [main] INFO  o.s.c.c.c.ConfigServicePropertySourceLocator - Fetching config from server at : http://localhost:8888
2020-04-24 12:50:33 [main] INFO  o.s.c.c.c.ConfigServicePropertySourceLocator - Connect Timeout Exception on Url - http://localhost:8888. Will be trying the next url if available
2020-04-24 12:50:33 [main] WARN  o.s.c.c.c.ConfigServicePropertySourceLocator - Could not locate PropertySource: I/O error on GET request for "http://localhost:8888/hrd-emp-be/default": Connection refused (Connection refused); nested exception is java.net.ConnectException: Connection refused (Connection refused)
2020-04-24 12:50:33 [main] INFO  i.ecgc.erp.hrd_emp_be.TestController - No active profile set, falling back to default profiles: default
2020-04-24 12:50:34 [main] WARN  o.s.boot.actuate.endpoint.EndpointId - Endpoint ID 'service-registry' contains invalid characters, please migrate to a valid format.
2020-04-24 12:50:34 [main] INFO  o.s.cloud.context.scope.GenericScope - BeanFactory id=249858dd-8694-3656-8a97-6e9224abd83d
2020-04-24 12:50:35 [main] WARN  c.n.c.sources.URLConfigurationSource - No URLs will be polled as dynamic configuration sources.
2020-04-24 12:50:35 [main] INFO  c.n.c.sources.URLConfigurationSource - To enable URLs as dynamic configuration sources, define System property archaius.configurationSource.additionalUrls or make config.properties available on classpath.
2020-04-24 12:50:35 [main] INFO  c.n.config.DynamicPropertyFactory - DynamicPropertyFactory is initialized with configuration sources: com.netflix.config.ConcurrentCompositeConfiguration@ff2266c
2020-04-24 12:50:36 [main] INFO  o.s.b.a.e.web.EndpointLinksResolver - Exposing 19 endpoint(s) beneath base path '/actuator'
2020-04-24 12:50:36 [main] INFO  s.d.s.w.PropertySourcedRequestMappingHandlerMapping - Mapped URL path [/v2/api-docs] onto method [springfox.documentation.swagger2.web.Swagger2Controller#getDocumentation(String, HttpServletRequest)]
2020-04-24 12:50:36 [main] WARN  c.n.c.sources.URLConfigurationSource - No URLs will be polled as dynamic configuration sources.
2020-04-24 12:50:36 [main] INFO  c.n.c.sources.URLConfigurationSource - To enable URLs as dynamic configuration sources, define System property archaius.configurationSource.additionalUrls or make config.properties available on classpath.
2020-04-24 12:50:36 [main] INFO  o.s.s.c.ThreadPoolTaskExecutor - Initializing ExecutorService 'applicationTaskExecutor'
2020-04-24 12:50:37 [main] WARN  o.s.c.l.c.BlockingLoadBalancerClientAutoConfiguration$BlockingLoadBalancerClientRibbonWarnLogger - You already have RibbonLoadBalancerClient on your classpath. It will be used by default. As Spring Cloud Ribbon is in maintenance mode. We recommend switching to BlockingLoadBalancerClient instead. In order to use it, set the value of `spring.cloud.loadbalancer.ribbon.enabled` to `false` or remove spring-cloud-starter-netflix-ribbon from your project.
2020-04-24 12:50:37 [main] INFO  s.d.s.w.p.DocumentationPluginsBootstrapper - Context refreshed
2020-04-24 12:50:37 [main] INFO  s.d.s.w.p.DocumentationPluginsBootstrapper - Found 1 custom documentation plugin(s)
2020-04-24 12:50:37 [main] INFO  s.d.s.w.s.ApiListingReferenceScanner - Scanning for api listing references
2020-04-24 12:50:37 [main] INFO  i.ecgc.erp.hrd_emp_be.TestController - Started TestController in 5.031 seconds (JVM running for 5.774)
2020-04-24 12:50:37 [SpringContextShutdownHook] INFO  o.s.c.n.eureka.InstanceInfoFactory - Setting initial instance status as: STARTING
2020-04-24 12:50:37 [SpringContextShutdownHook] INFO  o.s.c.n.e.s.EurekaServiceRegistry - Unregistering application HRD-EMP-BE with eureka with status DOWN
2020-04-24 12:50:37 [SpringContextShutdownHook] INFO  o.s.s.c.ThreadPoolTaskExecutor - Shutting down ExecutorService 'applicationTaskExecutor'
2020-04-24 12:52:53 [main] INFO  o.s.c.c.c.ConfigServicePropertySourceLocator - Fetching config from server at : http://localhost:8888
2020-04-24 12:52:53 [main] INFO  o.s.c.c.c.ConfigServicePropertySourceLocator - Connect Timeout Exception on Url - http://localhost:8888. Will be trying the next url if available
2020-04-24 12:52:53 [main] WARN  o.s.c.c.c.ConfigServicePropertySourceLocator - Could not locate PropertySource: I/O error on GET request for "http://localhost:8888/hrd-emp-be/default": Connection refused (Connection refused); nested exception is java.net.ConnectException: Connection refused (Connection refused)
2020-04-24 12:52:53 [main] INFO  i.ecgc.erp.hrd_emp_be.TestController - No active profile set, falling back to default profiles: default
2020-04-24 12:52:54 [main] WARN  o.s.boot.actuate.endpoint.EndpointId - Endpoint ID 'service-registry' contains invalid characters, please migrate to a valid format.
2020-04-24 12:52:54 [main] INFO  o.s.cloud.context.scope.GenericScope - BeanFactory id=249858dd-8694-3656-8a97-6e9224abd83d
2020-04-24 12:52:55 [main] WARN  c.n.c.sources.URLConfigurationSource - No URLs will be polled as dynamic configuration sources.
2020-04-24 12:52:55 [main] INFO  c.n.c.sources.URLConfigurationSource - To enable URLs as dynamic configuration sources, define System property archaius.configurationSource.additionalUrls or make config.properties available on classpath.
2020-04-24 12:52:55 [main] INFO  c.n.config.DynamicPropertyFactory - DynamicPropertyFactory is initialized with configuration sources: com.netflix.config.ConcurrentCompositeConfiguration@284c4f02
2020-04-24 12:52:55 [main] INFO  o.s.b.a.e.web.EndpointLinksResolver - Exposing 19 endpoint(s) beneath base path '/actuator'
2020-04-24 12:52:55 [main] INFO  s.d.s.w.PropertySourcedRequestMappingHandlerMapping - Mapped URL path [/v2/api-docs] onto method [springfox.documentation.swagger2.web.Swagger2Controller#getDocumentation(String, HttpServletRequest)]
2020-04-24 12:52:55 [main] WARN  c.n.c.sources.URLConfigurationSource - No URLs will be polled as dynamic configuration sources.
2020-04-24 12:52:55 [main] INFO  c.n.c.sources.URLConfigurationSource - To enable URLs as dynamic configuration sources, define System property archaius.configurationSource.additionalUrls or make config.properties available on classpath.
2020-04-24 12:52:56 [main] INFO  o.s.s.c.ThreadPoolTaskExecutor - Initializing ExecutorService 'applicationTaskExecutor'
2020-04-24 12:52:56 [main] WARN  o.s.c.l.c.BlockingLoadBalancerClientAutoConfiguration$BlockingLoadBalancerClientRibbonWarnLogger - You already have RibbonLoadBalancerClient on your classpath. It will be used by default. As Spring Cloud Ribbon is in maintenance mode. We recommend switching to BlockingLoadBalancerClient instead. In order to use it, set the value of `spring.cloud.loadbalancer.ribbon.enabled` to `false` or remove spring-cloud-starter-netflix-ribbon from your project.
2020-04-24 12:52:56 [main] INFO  s.d.s.w.p.DocumentationPluginsBootstrapper - Context refreshed
2020-04-24 12:52:56 [main] INFO  s.d.s.w.p.DocumentationPluginsBootstrapper - Found 1 custom documentation plugin(s)
2020-04-24 12:52:56 [main] INFO  s.d.s.w.s.ApiListingReferenceScanner - Scanning for api listing references
2020-04-24 12:52:56 [main] INFO  i.ecgc.erp.hrd_emp_be.TestController - Started TestController in 4.244 seconds (JVM running for 4.959)
2020-04-24 12:52:57 [main] INFO  o.s.b.t.m.w.SpringBootMockServletContext - Initializing Spring TestDispatcherServlet ''
2020-04-24 12:52:57 [main] INFO  o.s.t.w.s.TestDispatcherServlet - Initializing Servlet ''
2020-04-24 12:52:57 [main] INFO  o.s.t.w.s.TestDispatcherServlet - Completed initialization in 12 ms
2020-04-24 12:52:57 [main] INFO  i.e.e.h.c.EmployeeController - --Inside Get all employees--
2020-04-24 12:52:57 [main] ERROR i.e.e.h.c.EmployeeController - --Fetching Employee data--
2020-04-24 12:52:57 [main] INFO  com.zaxxer.hikari.HikariDataSource - HikariPool-1 - Starting...
2020-04-24 12:52:57 [main] INFO  com.zaxxer.hikari.HikariDataSource - HikariPool-1 - Start completed.
2020-04-24 12:52:57 [main] INFO  o.s.b.t.m.w.SpringBootMockServletContext - Initializing Spring TestDispatcherServlet ''
2020-04-24 12:52:57 [main] INFO  o.s.t.w.s.TestDispatcherServlet - Initializing Servlet ''
2020-04-24 12:52:57 [main] INFO  o.s.t.w.s.TestDispatcherServlet - Completed initialization in 3 ms
2020-04-24 12:52:57 [main] INFO  i.e.e.h.c.EmployeeController - --Inside Delete Employee--
2020-04-24 12:52:57 [main] INFO  i.e.e.h.c.EmployeeController - --Deleting Employee Data--
2020-04-24 12:52:57 [main] INFO  o.s.b.t.m.w.SpringBootMockServletContext - Initializing Spring TestDispatcherServlet ''
2020-04-24 12:52:57 [main] INFO  o.s.t.w.s.TestDispatcherServlet - Initializing Servlet ''
2020-04-24 12:52:57 [main] INFO  o.s.t.w.s.TestDispatcherServlet - Completed initialization in 2 ms
2020-04-24 12:52:57 [main] INFO  i.e.e.h.c.EmployeeController - --Inside save employee data--
2020-04-24 12:52:57 [main] ERROR i.e.e.h.c.EmployeeController - --Creating Employee with this data--
2020-04-24 12:52:57 [SpringContextShutdownHook] INFO  o.s.c.n.eureka.InstanceInfoFactory - Setting initial instance status as: STARTING
2020-04-24 12:52:57 [SpringContextShutdownHook] INFO  o.s.c.n.e.s.EurekaServiceRegistry - Unregistering application HRD-EMP-BE with eureka with status DOWN
2020-04-24 12:52:57 [SpringContextShutdownHook] INFO  o.s.s.c.ThreadPoolTaskExecutor - Shutting down ExecutorService 'applicationTaskExecutor'
2020-04-24 12:52:57 [SpringContextShutdownHook] INFO  com.zaxxer.hikari.HikariDataSource - HikariPool-1 - Shutdown initiated...
2020-04-24 12:52:57 [SpringContextShutdownHook] INFO  com.zaxxer.hikari.HikariDataSource - HikariPool-1 - Shutdown completed.
2020-04-24 13:05:04 [main] INFO  o.s.c.c.c.ConfigServicePropertySourceLocator - Fetching config from server at : http://localhost:8888
2020-04-24 13:05:04 [main] INFO  o.s.c.c.c.ConfigServicePropertySourceLocator - Connect Timeout Exception on Url - http://localhost:8888. Will be trying the next url if available
2020-04-24 13:05:04 [main] WARN  o.s.c.c.c.ConfigServicePropertySourceLocator - Could not locate PropertySource: I/O error on GET request for "http://localhost:8888/hrd-emp-be/default": Connection refused (Connection refused); nested exception is java.net.ConnectException: Connection refused (Connection refused)
2020-04-24 13:05:04 [main] INFO  i.ecgc.erp.hrd_emp_be.TestController - No active profile set, falling back to default profiles: default
2020-04-24 13:05:05 [main] WARN  o.s.boot.actuate.endpoint.EndpointId - Endpoint ID 'service-registry' contains invalid characters, please migrate to a valid format.
2020-04-24 13:05:05 [main] INFO  o.s.cloud.context.scope.GenericScope - BeanFactory id=249858dd-8694-3656-8a97-6e9224abd83d
2020-04-24 13:05:06 [main] WARN  c.n.c.sources.URLConfigurationSource - No URLs will be polled as dynamic configuration sources.
2020-04-24 13:05:06 [main] INFO  c.n.c.sources.URLConfigurationSource - To enable URLs as dynamic configuration sources, define System property archaius.configurationSource.additionalUrls or make config.properties available on classpath.
2020-04-24 13:05:06 [main] INFO  c.n.config.DynamicPropertyFactory - DynamicPropertyFactory is initialized with configuration sources: com.netflix.config.ConcurrentCompositeConfiguration@ff2266c
2020-04-24 13:05:07 [main] INFO  o.s.b.a.e.web.EndpointLinksResolver - Exposing 19 endpoint(s) beneath base path '/actuator'
2020-04-24 13:05:07 [main] INFO  s.d.s.w.PropertySourcedRequestMappingHandlerMapping - Mapped URL path [/v2/api-docs] onto method [springfox.documentation.swagger2.web.Swagger2Controller#getDocumentation(String, HttpServletRequest)]
2020-04-24 13:05:07 [main] WARN  c.n.c.sources.URLConfigurationSource - No URLs will be polled as dynamic configuration sources.
2020-04-24 13:05:07 [main] INFO  c.n.c.sources.URLConfigurationSource - To enable URLs as dynamic configuration sources, define System property archaius.configurationSource.additionalUrls or make config.properties available on classpath.
2020-04-24 13:05:07 [main] INFO  o.s.s.c.ThreadPoolTaskExecutor - Initializing ExecutorService 'applicationTaskExecutor'
2020-04-24 13:05:08 [main] WARN  o.s.c.l.c.BlockingLoadBalancerClientAutoConfiguration$BlockingLoadBalancerClientRibbonWarnLogger - You already have RibbonLoadBalancerClient on your classpath. It will be used by default. As Spring Cloud Ribbon is in maintenance mode. We recommend switching to BlockingLoadBalancerClient instead. In order to use it, set the value of `spring.cloud.loadbalancer.ribbon.enabled` to `false` or remove spring-cloud-starter-netflix-ribbon from your project.
2020-04-24 13:05:08 [main] INFO  s.d.s.w.p.DocumentationPluginsBootstrapper - Context refreshed
2020-04-24 13:05:08 [main] INFO  s.d.s.w.p.DocumentationPluginsBootstrapper - Found 1 custom documentation plugin(s)
2020-04-24 13:05:08 [main] INFO  s.d.s.w.s.ApiListingReferenceScanner - Scanning for api listing references
2020-04-24 13:05:08 [main] INFO  i.ecgc.erp.hrd_emp_be.TestController - Started TestController in 4.241 seconds (JVM running for 4.976)
2020-04-24 13:05:08 [main] INFO  o.s.b.t.m.w.SpringBootMockServletContext - Initializing Spring TestDispatcherServlet ''
2020-04-24 13:05:08 [main] INFO  o.s.t.w.s.TestDispatcherServlet - Initializing Servlet ''
2020-04-24 13:05:08 [main] INFO  o.s.t.w.s.TestDispatcherServlet - Completed initialization in 15 ms
2020-04-24 13:05:08 [main] INFO  i.e.e.h.c.EmployeeController - --Inside Get all employees--
2020-04-24 13:05:08 [main] ERROR i.e.e.h.c.EmployeeController - --Fetching Employee data--
2020-04-24 13:05:08 [main] INFO  com.zaxxer.hikari.HikariDataSource - HikariPool-1 - Starting...
2020-04-24 13:05:08 [main] INFO  com.zaxxer.hikari.HikariDataSource - HikariPool-1 - Start completed.
2020-04-24 13:05:09 [main] INFO  o.s.b.t.m.w.SpringBootMockServletContext - Initializing Spring TestDispatcherServlet ''
2020-04-24 13:05:09 [main] INFO  o.s.t.w.s.TestDispatcherServlet - Initializing Servlet ''
2020-04-24 13:05:09 [main] INFO  o.s.t.w.s.TestDispatcherServlet - Completed initialization in 3 ms
2020-04-24 13:05:09 [main] INFO  i.e.e.h.c.EmployeeController - --Inside Delete Employee--
2020-04-24 13:05:09 [main] INFO  i.e.e.h.c.EmployeeController - --Deleting Employee Data--
2020-04-24 13:05:09 [main] INFO  o.s.b.t.m.w.SpringBootMockServletContext - Initializing Spring TestDispatcherServlet ''
2020-04-24 13:05:09 [main] INFO  o.s.t.w.s.TestDispatcherServlet - Initializing Servlet ''
2020-04-24 13:05:09 [main] INFO  o.s.t.w.s.TestDispatcherServlet - Completed initialization in 2 ms
2020-04-24 13:05:09 [main] INFO  i.e.e.h.c.EmployeeController - --Inside save employee data--
2020-04-24 13:05:09 [main] ERROR i.e.e.h.c.EmployeeController - --Creating Employee with this data--
2020-04-24 13:05:09 [SpringContextShutdownHook] INFO  o.s.c.n.eureka.InstanceInfoFactory - Setting initial instance status as: STARTING
2020-04-24 13:05:09 [SpringContextShutdownHook] INFO  o.s.c.n.e.s.EurekaServiceRegistry - Unregistering application HRD-EMP-BE with eureka with status DOWN
2020-04-24 13:05:09 [SpringContextShutdownHook] INFO  o.s.s.c.ThreadPoolTaskExecutor - Shutting down ExecutorService 'applicationTaskExecutor'
2020-04-24 13:05:09 [SpringContextShutdownHook] INFO  com.zaxxer.hikari.HikariDataSource - HikariPool-1 - Shutdown initiated...
2020-04-24 13:05:09 [SpringContextShutdownHook] INFO  com.zaxxer.hikari.HikariDataSource - HikariPool-1 - Shutdown completed.
2020-04-24 13:16:33 [main] INFO  o.s.c.c.c.ConfigServicePropertySourceLocator - Fetching config from server at : http://localhost:8888
2020-04-24 13:16:33 [main] INFO  o.s.c.c.c.ConfigServicePropertySourceLocator - Connect Timeout Exception on Url - http://localhost:8888. Will be trying the next url if available
2020-04-24 13:16:33 [main] WARN  o.s.c.c.c.ConfigServicePropertySourceLocator - Could not locate PropertySource: I/O error on GET request for "http://localhost:8888/hrd-emp-be/default": Connection refused (Connection refused); nested exception is java.net.ConnectException: Connection refused (Connection refused)
2020-04-24 13:16:33 [main] INFO  i.ecgc.erp.hrd_emp_be.TestController - No active profile set, falling back to default profiles: default
2020-04-24 13:16:34 [main] WARN  o.s.boot.actuate.endpoint.EndpointId - Endpoint ID 'service-registry' contains invalid characters, please migrate to a valid format.
2020-04-24 13:16:34 [main] INFO  o.s.cloud.context.scope.GenericScope - BeanFactory id=249858dd-8694-3656-8a97-6e9224abd83d
2020-04-24 13:16:35 [main] WARN  c.n.c.sources.URLConfigurationSource - No URLs will be polled as dynamic configuration sources.
2020-04-24 13:16:35 [main] INFO  c.n.c.sources.URLConfigurationSource - To enable URLs as dynamic configuration sources, define System property archaius.configurationSource.additionalUrls or make config.properties available on classpath.
2020-04-24 13:16:35 [main] INFO  c.n.config.DynamicPropertyFactory - DynamicPropertyFactory is initialized with configuration sources: com.netflix.config.ConcurrentCompositeConfiguration@ff2266c
2020-04-24 13:16:35 [main] INFO  o.s.b.a.e.web.EndpointLinksResolver - Exposing 19 endpoint(s) beneath base path '/actuator'
2020-04-24 13:16:35 [main] INFO  s.d.s.w.PropertySourcedRequestMappingHandlerMapping - Mapped URL path [/v2/api-docs] onto method [springfox.documentation.swagger2.web.Swagger2Controller#getDocumentation(String, HttpServletRequest)]
2020-04-24 13:16:35 [main] WARN  c.n.c.sources.URLConfigurationSource - No URLs will be polled as dynamic configuration sources.
2020-04-24 13:16:35 [main] INFO  c.n.c.sources.URLConfigurationSource - To enable URLs as dynamic configuration sources, define System property archaius.configurationSource.additionalUrls or make config.properties available on classpath.
2020-04-24 13:16:36 [main] INFO  o.s.s.c.ThreadPoolTaskExecutor - Initializing ExecutorService 'applicationTaskExecutor'
2020-04-24 13:16:36 [main] WARN  o.s.c.l.c.BlockingLoadBalancerClientAutoConfiguration$BlockingLoadBalancerClientRibbonWarnLogger - You already have RibbonLoadBalancerClient on your classpath. It will be used by default. As Spring Cloud Ribbon is in maintenance mode. We recommend switching to BlockingLoadBalancerClient instead. In order to use it, set the value of `spring.cloud.loadbalancer.ribbon.enabled` to `false` or remove spring-cloud-starter-netflix-ribbon from your project.
2020-04-24 13:16:36 [main] INFO  s.d.s.w.p.DocumentationPluginsBootstrapper - Context refreshed
2020-04-24 13:16:36 [main] INFO  s.d.s.w.p.DocumentationPluginsBootstrapper - Found 1 custom documentation plugin(s)
2020-04-24 13:16:36 [main] INFO  s.d.s.w.s.ApiListingReferenceScanner - Scanning for api listing references
2020-04-24 13:16:36 [main] INFO  i.ecgc.erp.hrd_emp_be.TestController - Started TestController in 4.137 seconds (JVM running for 4.903)
2020-04-24 13:16:37 [main] INFO  o.s.b.t.m.w.SpringBootMockServletContext - Initializing Spring TestDispatcherServlet ''
2020-04-24 13:16:37 [main] INFO  o.s.t.w.s.TestDispatcherServlet - Initializing Servlet ''
2020-04-24 13:16:37 [main] INFO  o.s.t.w.s.TestDispatcherServlet - Completed initialization in 12 ms
2020-04-24 13:16:37 [main] INFO  i.e.e.h.c.EmployeeController - --Inside Get all employees--
2020-04-24 13:16:37 [main] ERROR i.e.e.h.c.EmployeeController - --Fetching Employee data--
2020-04-24 13:16:37 [main] INFO  com.zaxxer.hikari.HikariDataSource - HikariPool-1 - Starting...
2020-04-24 13:16:37 [main] INFO  com.zaxxer.hikari.HikariDataSource - HikariPool-1 - Start completed.
2020-04-24 13:16:37 [main] INFO  o.s.b.t.m.w.SpringBootMockServletContext - Initializing Spring TestDispatcherServlet ''
2020-04-24 13:16:37 [main] INFO  o.s.t.w.s.TestDispatcherServlet - Initializing Servlet ''
2020-04-24 13:16:37 [main] INFO  o.s.t.w.s.TestDispatcherServlet - Completed initialization in 2 ms
2020-04-24 13:16:37 [main] INFO  i.e.e.h.c.EmployeeController - --Inside Delete Employee--
2020-04-24 13:16:37 [main] INFO  i.e.e.h.c.EmployeeController - --Deleting Employee Data--
2020-04-24 13:16:37 [main] INFO  o.s.b.t.m.w.SpringBootMockServletContext - Initializing Spring TestDispatcherServlet ''
2020-04-24 13:16:37 [main] INFO  o.s.t.w.s.TestDispatcherServlet - Initializing Servlet ''
2020-04-24 13:16:37 [main] INFO  o.s.t.w.s.TestDispatcherServlet - Completed initialization in 1 ms
2020-04-24 13:16:37 [main] INFO  i.e.e.h.c.EmployeeController - --Inside save employee data--
2020-04-24 13:16:37 [main] ERROR i.e.e.h.c.EmployeeController - --Creating Employee with this data--
2020-04-24 13:16:37 [SpringContextShutdownHook] INFO  o.s.c.n.eureka.InstanceInfoFactory - Setting initial instance status as: STARTING
2020-04-24 13:16:37 [SpringContextShutdownHook] INFO  o.s.c.n.e.s.EurekaServiceRegistry - Unregistering application HRD-EMP-BE with eureka with status DOWN
2020-04-24 13:16:37 [SpringContextShutdownHook] INFO  o.s.s.c.ThreadPoolTaskExecutor - Shutting down ExecutorService 'applicationTaskExecutor'
2020-04-24 13:16:37 [SpringContextShutdownHook] INFO  com.zaxxer.hikari.HikariDataSource - HikariPool-1 - Shutdown initiated...
2020-04-24 13:16:37 [SpringContextShutdownHook] INFO  com.zaxxer.hikari.HikariDataSource - HikariPool-1 - Shutdown completed.
